-- Install configuration: ""
-- Up-to-date: /home/fyt/ros2_ws/src/my_abb_robot/install/my_abb_robot/share/my_abb_robot//launch
-- Up-to-date: /home/fyt/ros2_ws/src/my_abb_robot/install/my_abb_robot/share/my_abb_robot//launch/gazebo_my_robot.launch.py
-- Up-to-date: /home/fyt/ros2_ws/src/my_abb_robot/install/my_abb_robot/share/my_abb_robot//launch/view_my_robot.launch.py
-- Up-to-date: /home/fyt/ros2_ws/src/my_abb_robot/install/my_abb_robot/share/my_abb_robot//launch/gazebo_demo.launch.py
-- Up-to-date: /home/fyt/ros2_ws/src/my_abb_robot/install/my_abb_robot/share/my_abb_robot//launch/control_sim.launch.py
-- Up-to-date: /home/fyt/ros2_ws/src/my_abb_robot/install/my_abb_robot/share/my_abb_robot//launch/gazebo_with_controllers.launch.py
-- Up-to-date: /home/fyt/ros2_ws/src/my_abb_robot/install/my_abb_robot/share/my_abb_robot//urdf
-- Up-to-date: /home/fyt/ros2_ws/src/my_abb_robot/install/my_abb_robot/share/my_abb_robot//urdf/my_irb1200_backup.urdf.xacro
-- Installing: /home/fyt/ros2_ws/src/my_abb_robot/install/my_abb_robot/share/my_abb_robot//urdf/my_irb1200.urdf.xacro
-- Up-to-date: /home/fyt/ros2_ws/src/my_abb_robot/install/my_abb_robot/share/my_abb_robot//config
-- Up-to-date: /home/fyt/ros2_ws/src/my_abb_robot/install/my_abb_robot/share/my_abb_robot//config/controllers.yaml
-- Up-to-date: /home/fyt/ros2_ws/src/my_abb_robot/install/my_abb_robot/share/my_abb_robot//rviz
-- Up-to-date: /home/fyt/ros2_ws/src/my_abb_robot/install/my_abb_robot/lib/my_abb_robot/move_robot.py
-- Up-to-date: /home/fyt/ros2_ws/src/my_abb_robot/install/my_abb_robot/share/ament_index/resource_index/package_run_dependencies/my_abb_robot
-- Up-to-date: /home/fyt/ros2_ws/src/my_abb_robot/install/my_abb_robot/share/ament_index/resource_index/parent_prefix_path/my_abb_robot
-- Up-to-date: /home/fyt/ros2_ws/src/my_abb_robot/install/my_abb_robot/share/my_abb_robot/environment/ament_prefix_path.sh
-- Up-to-date: /home/fyt/ros2_ws/src/my_abb_robot/install/my_abb_robot/share/my_abb_robot/environment/ament_prefix_path.dsv
-- Up-to-date: /home/fyt/ros2_ws/src/my_abb_robot/install/my_abb_robot/share/my_abb_robot/environment/path.sh
-- Up-to-date: /home/fyt/ros2_ws/src/my_abb_robot/install/my_abb_robot/share/my_abb_robot/environment/path.dsv
-- Up-to-date: /home/fyt/ros2_ws/src/my_abb_robot/install/my_abb_robot/share/my_abb_robot/local_setup.bash
-- Up-to-date: /home/fyt/ros2_ws/src/my_abb_robot/install/my_abb_robot/share/my_abb_robot/local_setup.sh
-- Up-to-date: /home/fyt/ros2_ws/src/my_abb_robot/install/my_abb_robot/share/my_abb_robot/local_setup.zsh
-- Up-to-date: /home/fyt/ros2_ws/src/my_abb_robot/install/my_abb_robot/share/my_abb_robot/local_setup.dsv
-- Up-to-date: /home/fyt/ros2_ws/src/my_abb_robot/install/my_abb_robot/share/my_abb_robot/package.dsv
-- Up-to-date: /home/fyt/ros2_ws/src/my_abb_robot/install/my_abb_robot/share/ament_index/resource_index/packages/my_abb_robot
-- Up-to-date: /home/fyt/ros2_ws/src/my_abb_robot/install/my_abb_robot/share/my_abb_robot/cmake/my_abb_robotConfig.cmake
-- Up-to-date: /home/fyt/ros2_ws/src/my_abb_robot/install/my_abb_robot/share/my_abb_robot/cmake/my_abb_robotConfig-version.cmake
-- Up-to-date: /home/fyt/ros2_ws/src/my_abb_robot/install/my_abb_robot/share/my_abb_robot/package.xml
