[0.016s] Invoking command in '/home/fyt/ros2_ws/src/my_abb_robot/build/my_abb_robot': CMAKE_PREFIX_PATH=${CMAKE_PREFIX_PATH}:/home/fyt/ros2_ws/install/my_test:/home/fyt/ros2_ws/install/my_package:/opt/ros/humble /usr/bin/cmake --build /home/fyt/ros2_ws/src/my_abb_robot/build/my_abb_robot -- -j4 -l4
[0.079s] Invoked command in '/home/fyt/ros2_ws/src/my_abb_robot/build/my_abb_robot' returned '0': CMAKE_PREFIX_PATH=${CMAKE_PREFIX_PATH}:/home/fyt/ros2_ws/install/my_test:/home/fyt/ros2_ws/install/my_package:/opt/ros/humble /usr/bin/cmake --build /home/fyt/ros2_ws/src/my_abb_robot/build/my_abb_robot -- -j4 -l4
[0.095s] Invoking command in '/home/fyt/ros2_ws/src/my_abb_robot/build/my_abb_robot': CMAKE_PREFIX_PATH=${CMAKE_PREFIX_PATH}:/home/fyt/ros2_ws/install/my_test:/home/fyt/ros2_ws/install/my_package:/opt/ros/humble /usr/bin/cmake --install /home/fyt/ros2_ws/src/my_abb_robot/build/my_abb_robot
[0.104s] -- Install configuration: ""
[0.105s] -- Up-to-date: /home/fyt/ros2_ws/src/my_abb_robot/install/my_abb_robot/share/my_abb_robot//launch
[0.106s] -- Up-to-date: /home/fyt/ros2_ws/src/my_abb_robot/install/my_abb_robot/share/my_abb_robot//launch/gazebo_my_robot.launch.py
[0.106s] -- Up-to-date: /home/fyt/ros2_ws/src/my_abb_robot/install/my_abb_robot/share/my_abb_robot//launch/view_my_robot.launch.py
[0.106s] -- Up-to-date: /home/fyt/ros2_ws/src/my_abb_robot/install/my_abb_robot/share/my_abb_robot//launch/gazebo_demo.launch.py
[0.106s] -- Up-to-date: /home/fyt/ros2_ws/src/my_abb_robot/install/my_abb_robot/share/my_abb_robot//launch/control_sim.launch.py
[0.106s] -- Up-to-date: /home/fyt/ros2_ws/src/my_abb_robot/install/my_abb_robot/share/my_abb_robot//launch/gazebo_with_controllers.launch.py
[0.106s] -- Up-to-date: /home/fyt/ros2_ws/src/my_abb_robot/install/my_abb_robot/share/my_abb_robot//urdf
[0.106s] -- Up-to-date: /home/fyt/ros2_ws/src/my_abb_robot/install/my_abb_robot/share/my_abb_robot//urdf/my_irb1200_backup.urdf.xacro
[0.106s] -- Installing: /home/fyt/ros2_ws/src/my_abb_robot/install/my_abb_robot/share/my_abb_robot//urdf/my_irb1200.urdf.xacro
[0.106s] -- Up-to-date: /home/fyt/ros2_ws/src/my_abb_robot/install/my_abb_robot/share/my_abb_robot//config
[0.107s] -- Up-to-date: /home/fyt/ros2_ws/src/my_abb_robot/install/my_abb_robot/share/my_abb_robot//config/controllers.yaml
[0.108s] -- Up-to-date: /home/fyt/ros2_ws/src/my_abb_robot/install/my_abb_robot/share/my_abb_robot//rviz
[0.108s] -- Up-to-date: /home/fyt/ros2_ws/src/my_abb_robot/install/my_abb_robot/lib/my_abb_robot/move_robot.py
[0.110s] -- Up-to-date: /home/fyt/ros2_ws/src/my_abb_robot/install/my_abb_robot/share/ament_index/resource_index/package_run_dependencies/my_abb_robot
[0.110s] -- Up-to-date: /home/fyt/ros2_ws/src/my_abb_robot/install/my_abb_robot/share/ament_index/resource_index/parent_prefix_path/my_abb_robot
[0.111s] -- Up-to-date: /home/fyt/ros2_ws/src/my_abb_robot/install/my_abb_robot/share/my_abb_robot/environment/ament_prefix_path.sh
[0.112s] -- Up-to-date: /home/fyt/ros2_ws/src/my_abb_robot/install/my_abb_robot/share/my_abb_robot/environment/ament_prefix_path.dsv
[0.112s] -- Up-to-date: /home/fyt/ros2_ws/src/my_abb_robot/install/my_abb_robot/share/my_abb_robot/environment/path.sh
[0.112s] -- Up-to-date: /home/fyt/ros2_ws/src/my_abb_robot/install/my_abb_robot/share/my_abb_robot/environment/path.dsv
[0.112s] -- Up-to-date: /home/fyt/ros2_ws/src/my_abb_robot/install/my_abb_robot/share/my_abb_robot/local_setup.bash
[0.112s] -- Up-to-date: /home/fyt/ros2_ws/src/my_abb_robot/install/my_abb_robot/share/my_abb_robot/local_setup.sh
[0.112s] -- Up-to-date: /home/fyt/ros2_ws/src/my_abb_robot/install/my_abb_robot/share/my_abb_robot/local_setup.zsh
[0.112s] -- Up-to-date: /home/fyt/ros2_ws/src/my_abb_robot/install/my_abb_robot/share/my_abb_robot/local_setup.dsv
[0.112s] -- Up-to-date: /home/fyt/ros2_ws/src/my_abb_robot/install/my_abb_robot/share/my_abb_robot/package.dsv
[0.112s] -- Up-to-date: /home/fyt/ros2_ws/src/my_abb_robot/install/my_abb_robot/share/ament_index/resource_index/packages/my_abb_robot
[0.112s] -- Up-to-date: /home/fyt/ros2_ws/src/my_abb_robot/install/my_abb_robot/share/my_abb_robot/cmake/my_abb_robotConfig.cmake
[0.113s] -- Up-to-date: /home/fyt/ros2_ws/src/my_abb_robot/install/my_abb_robot/share/my_abb_robot/cmake/my_abb_robotConfig-version.cmake
[0.113s] -- Up-to-date: /home/fyt/ros2_ws/src/my_abb_robot/install/my_abb_robot/share/my_abb_robot/package.xml
[0.116s] Invoked command in '/home/fyt/ros2_ws/src/my_abb_robot/build/my_abb_robot' returned '0': CMAKE_PREFIX_PATH=${CMAKE_PREFIX_PATH}:/home/fyt/ros2_ws/install/my_test:/home/fyt/ros2_ws/install/my_package:/opt/ros/humble /usr/bin/cmake --install /home/fyt/ros2_ws/src/my_abb_robot/build/my_abb_robot
