[0.092s] DEBUG:colcon:Command line arguments: ['/usr/bin/colcon', 'build']
[0.093s] DEBUG:colcon:Parsed command line arguments: Namespace(log_base=None, log_level=None, verb_name='build', build_base='build', install_base='install', merge_install=False, symlink_install=False, test_result_base=None, continue_on_error=False, executor='parallel', parallel_workers=4, event_handlers=None, ignore_user_meta=False, metas=['./colcon.meta'], base_paths=['.'], packages_ignore=None, packages_ignore_regex=None, paths=None, packages_up_to=None, packages_up_to_regex=None, packages_above=None, packages_above_and_dependencies=None, packages_above_depth=None, packages_select_by_dep=None, packages_skip_by_dep=None, packages_skip_up_to=None, packages_select_build_failed=False, packages_skip_build_finished=False, packages_select_test_failures=False, packages_skip_test_passed=False, packages_select=None, packages_skip=None, packages_select_regex=None, packages_skip_regex=None, packages_start=None, packages_end=None, allow_overriding=[], cmake_args=None, cmake_target=None, cmake_target_skip_unavailable=False, cmake_clean_cache=False, cmake_clean_first=False, cmake_force_configure=False, ament_cmake_args=None, catkin_cmake_args=None, catkin_skip_building_tests=False, mixin_files=None, mixin=None, verb_parser=<colcon_mixin.mixin.mixin_argument.MixinArgumentDecorator object at 0x76b9029d26b0>, verb_extension=<colcon_core.verb.build.BuildVerb object at 0x76b9029d1cf0>, main=<bound method BuildVerb.main of <colcon_core.verb.build.BuildVerb object at 0x76b9029d1cf0>>, mixin_verb=('build',))
[0.188s] Level 1:colcon.colcon_core.package_discovery:discover_packages(colcon_meta) check parameters
[0.188s] Level 1:colcon.colcon_core.package_discovery:discover_packages(recursive) check parameters
[0.188s] Level 1:colcon.colcon_core.package_discovery:discover_packages(ignore) check parameters
[0.188s] Level 1:colcon.colcon_core.package_discovery:discover_packages(path) check parameters
[0.188s] Level 1:colcon.colcon_core.package_discovery:discover_packages(colcon_meta) discover
[0.188s] Level 1:colcon.colcon_core.package_discovery:discover_packages(recursive) discover
[0.188s] INFO:colcon.colcon_core.package_discovery:Crawling recursively for packages in '/home/fyt/ros2_ws/src/my_abb_robot'
[0.188s] Level 1:colcon.colcon_core.package_identification:_identify(.) by extensions ['ignore', 'ignore_ament_install']
[0.189s] Level 1:colcon.colcon_core.package_identification:_identify(.) by extension 'ignore'
[0.189s] Level 1:colcon.colcon_core.package_identification:_identify(.) by extension 'ignore_ament_install'
[0.189s] Level 1:colcon.colcon_core.package_identification:_identify(.) by extensions ['colcon_pkg']
[0.189s] Level 1:colcon.colcon_core.package_identification:_identify(.) by extension 'colcon_pkg'
[0.189s] Level 1:colcon.colcon_core.package_identification:_identify(.) by extensions ['colcon_meta']
[0.189s] Level 1:colcon.colcon_core.package_identification:_identify(.) by extension 'colcon_meta'
[0.189s] Level 1:colcon.colcon_core.package_identification:_identify(.) by extensions ['ros']
[0.189s] Level 1:colcon.colcon_core.package_identification:_identify(.) by extension 'ros'
[0.198s] DEBUG:colcon.colcon_core.package_identification:Package '.' with type 'ros.ament_cmake' and name 'my_abb_robot'
[0.198s] Level 1:colcon.colcon_core.package_discovery:discover_packages(recursive) using defaults
[0.198s] Level 1:colcon.colcon_core.package_discovery:discover_packages(ignore) discover
[0.198s] Level 1:colcon.colcon_core.package_discovery:discover_packages(ignore) using defaults
[0.198s] Level 1:colcon.colcon_core.package_discovery:discover_packages(path) discover
[0.198s] Level 1:colcon.colcon_core.package_discovery:discover_packages(path) using defaults
[0.221s] Level 1:colcon.colcon_core.package_discovery:discover_packages(prefix_path) check parameters
[0.221s] Level 1:colcon.colcon_core.package_discovery:discover_packages(prefix_path) discover
[0.225s] DEBUG:colcon.colcon_installed_package_information.package_discovery:Found 11 installed packages in /home/fyt/ros2_ws/install
[0.225s] DEBUG:colcon.colcon_installed_package_information.package_discovery:Found 1 installed packages in /home/fyt/install
[0.226s] DEBUG:colcon.colcon_installed_package_information.package_discovery:Found 356 installed packages in /opt/ros/humble
[0.227s] Level 1:colcon.colcon_core.package_discovery:discover_packages(prefix_path) using defaults
[0.257s] Level 5:colcon.colcon_core.verb:set package 'my_abb_robot' build argument 'cmake_args' from command line to 'None'
[0.257s] Level 5:colcon.colcon_core.verb:set package 'my_abb_robot' build argument 'cmake_target' from command line to 'None'
[0.257s] Level 5:colcon.colcon_core.verb:set package 'my_abb_robot' build argument 'cmake_target_skip_unavailable' from command line to 'False'
[0.257s] Level 5:colcon.colcon_core.verb:set package 'my_abb_robot' build argument 'cmake_clean_cache' from command line to 'False'
[0.257s] Level 5:colcon.colcon_core.verb:set package 'my_abb_robot' build argument 'cmake_clean_first' from command line to 'False'
[0.257s] Level 5:colcon.colcon_core.verb:set package 'my_abb_robot' build argument 'cmake_force_configure' from command line to 'False'
[0.257s] Level 5:colcon.colcon_core.verb:set package 'my_abb_robot' build argument 'ament_cmake_args' from command line to 'None'
[0.257s] Level 5:colcon.colcon_core.verb:set package 'my_abb_robot' build argument 'catkin_cmake_args' from command line to 'None'
[0.257s] Level 5:colcon.colcon_core.verb:set package 'my_abb_robot' build argument 'catkin_skip_building_tests' from command line to 'False'
[0.257s] DEBUG:colcon.colcon_core.verb:Building package 'my_abb_robot' with the following arguments: {'ament_cmake_args': None, 'build_base': '/home/fyt/ros2_ws/src/my_abb_robot/build/my_abb_robot', 'catkin_cmake_args': None, 'catkin_skip_building_tests': False, 'cmake_args': None, 'cmake_clean_cache': False, 'cmake_clean_first': False, 'cmake_force_configure': False, 'cmake_target': None, 'cmake_target_skip_unavailable': False, 'install_base': '/home/fyt/ros2_ws/src/my_abb_robot/install/my_abb_robot', 'merge_install': False, 'path': '/home/fyt/ros2_ws/src/my_abb_robot', 'symlink_install': False, 'test_result_base': None}
[0.258s] INFO:colcon.colcon_core.executor:Executing jobs using 'parallel' executor
[0.259s] DEBUG:colcon.colcon_parallel_executor.executor.parallel:run_until_complete
[0.260s] INFO:colcon.colcon_ros.task.ament_cmake.build:Building ROS package in '/home/fyt/ros2_ws/src/my_abb_robot' with build type 'ament_cmake'
[0.260s] INFO:colcon.colcon_cmake.task.cmake.build:Building CMake package in '/home/fyt/ros2_ws/src/my_abb_robot'
[0.272s] INFO:colcon.colcon_core.plugin_system:Skipping extension 'colcon_core.shell.bat': Not used on non-Windows systems
[0.272s] INFO:colcon.colcon_core.shell:Skip shell extension 'powershell' for command environment: Not usable outside of PowerShell
[0.272s] DEBUG:colcon.colcon_core.shell:Skip shell extension 'dsv' for command environment
[0.292s] DEBUG:colcon.colcon_core.event_handler.log_command:Invoking command in '/home/fyt/ros2_ws/src/my_abb_robot/build/my_abb_robot': CMAKE_PREFIX_PATH=${CMAKE_PREFIX_PATH}:/home/fyt/ros2_ws/install/my_test:/home/fyt/ros2_ws/install/my_package:/opt/ros/humble /usr/bin/cmake --build /home/fyt/ros2_ws/src/my_abb_robot/build/my_abb_robot -- -j4 -l4
[0.346s] DEBUG:colcon.colcon_core.event_handler.log_command:Invoked command in '/home/fyt/ros2_ws/src/my_abb_robot/build/my_abb_robot' returned '0': CMAKE_PREFIX_PATH=${CMAKE_PREFIX_PATH}:/home/fyt/ros2_ws/install/my_test:/home/fyt/ros2_ws/install/my_package:/opt/ros/humble /usr/bin/cmake --build /home/fyt/ros2_ws/src/my_abb_robot/build/my_abb_robot -- -j4 -l4
[0.356s] DEBUG:colcon.colcon_core.event_handler.log_command:Invoking command in '/home/fyt/ros2_ws/src/my_abb_robot/build/my_abb_robot': CMAKE_PREFIX_PATH=${CMAKE_PREFIX_PATH}:/home/fyt/ros2_ws/install/my_test:/home/fyt/ros2_ws/install/my_package:/opt/ros/humble /usr/bin/cmake --install /home/fyt/ros2_ws/src/my_abb_robot/build/my_abb_robot
[0.368s] Level 1:colcon.colcon_core.environment:create_environment_scripts_only(my_abb_robot)
[0.370s] DEBUG:colcon.colcon_core.event_handler.log_command:Invoked command in '/home/fyt/ros2_ws/src/my_abb_robot/build/my_abb_robot' returned '0': CMAKE_PREFIX_PATH=${CMAKE_PREFIX_PATH}:/home/fyt/ros2_ws/install/my_test:/home/fyt/ros2_ws/install/my_package:/opt/ros/humble /usr/bin/cmake --install /home/fyt/ros2_ws/src/my_abb_robot/build/my_abb_robot
[0.384s] Level 1:colcon.colcon_core.environment:checking '/home/fyt/ros2_ws/src/my_abb_robot/install/my_abb_robot' for CMake module files
[0.384s] Level 1:colcon.colcon_core.environment:checking '/home/fyt/ros2_ws/src/my_abb_robot/install/my_abb_robot' for CMake config files
[0.385s] Level 1:colcon.colcon_core.shell:create_environment_hook('my_abb_robot', 'cmake_prefix_path')
[0.385s] INFO:colcon.colcon_core.shell:Creating environment hook '/home/fyt/ros2_ws/src/my_abb_robot/install/my_abb_robot/share/my_abb_robot/hook/cmake_prefix_path.ps1'
[0.387s] INFO:colcon.colcon_core.shell:Creating environment descriptor '/home/fyt/ros2_ws/src/my_abb_robot/install/my_abb_robot/share/my_abb_robot/hook/cmake_prefix_path.dsv'
[0.389s] INFO:colcon.colcon_core.shell:Creating environment hook '/home/fyt/ros2_ws/src/my_abb_robot/install/my_abb_robot/share/my_abb_robot/hook/cmake_prefix_path.sh'
[0.391s] Level 1:colcon.colcon_core.environment:checking '/home/fyt/ros2_ws/src/my_abb_robot/install/my_abb_robot/lib'
[0.391s] Level 1:colcon.colcon_core.environment:checking '/home/fyt/ros2_ws/src/my_abb_robot/install/my_abb_robot/bin'
[0.391s] Level 1:colcon.colcon_core.environment:checking '/home/fyt/ros2_ws/src/my_abb_robot/install/my_abb_robot/lib/pkgconfig/my_abb_robot.pc'
[0.392s] Level 1:colcon.colcon_core.environment:checking '/home/fyt/ros2_ws/src/my_abb_robot/install/my_abb_robot/lib/python3.10/site-packages'
[0.392s] Level 1:colcon.colcon_core.environment:checking '/home/fyt/ros2_ws/src/my_abb_robot/install/my_abb_robot/bin'
[0.392s] INFO:colcon.colcon_core.shell:Creating package script '/home/fyt/ros2_ws/src/my_abb_robot/install/my_abb_robot/share/my_abb_robot/package.ps1'
[0.394s] INFO:colcon.colcon_core.shell:Creating package descriptor '/home/fyt/ros2_ws/src/my_abb_robot/install/my_abb_robot/share/my_abb_robot/package.dsv'
[0.395s] INFO:colcon.colcon_core.shell:Creating package script '/home/fyt/ros2_ws/src/my_abb_robot/install/my_abb_robot/share/my_abb_robot/package.sh'
[0.397s] INFO:colcon.colcon_core.shell:Creating package script '/home/fyt/ros2_ws/src/my_abb_robot/install/my_abb_robot/share/my_abb_robot/package.bash'
[0.399s] INFO:colcon.colcon_core.shell:Creating package script '/home/fyt/ros2_ws/src/my_abb_robot/install/my_abb_robot/share/my_abb_robot/package.zsh'
[0.400s] Level 1:colcon.colcon_core.environment:create_file_with_runtime_dependencies(/home/fyt/ros2_ws/src/my_abb_robot/install/my_abb_robot/share/colcon-core/packages/my_abb_robot)
[0.401s] Level 1:colcon.colcon_core.environment:create_environment_scripts_only(my_abb_robot)
[0.402s] Level 1:colcon.colcon_core.environment:checking '/home/fyt/ros2_ws/src/my_abb_robot/install/my_abb_robot' for CMake module files
[0.402s] Level 1:colcon.colcon_core.environment:checking '/home/fyt/ros2_ws/src/my_abb_robot/install/my_abb_robot' for CMake config files
[0.402s] Level 1:colcon.colcon_core.shell:create_environment_hook('my_abb_robot', 'cmake_prefix_path')
[0.403s] INFO:colcon.colcon_core.shell:Creating environment hook '/home/fyt/ros2_ws/src/my_abb_robot/install/my_abb_robot/share/my_abb_robot/hook/cmake_prefix_path.ps1'
[0.403s] INFO:colcon.colcon_core.shell:Creating environment descriptor '/home/fyt/ros2_ws/src/my_abb_robot/install/my_abb_robot/share/my_abb_robot/hook/cmake_prefix_path.dsv'
[0.404s] INFO:colcon.colcon_core.shell:Creating environment hook '/home/fyt/ros2_ws/src/my_abb_robot/install/my_abb_robot/share/my_abb_robot/hook/cmake_prefix_path.sh'
[0.405s] Level 1:colcon.colcon_core.environment:checking '/home/fyt/ros2_ws/src/my_abb_robot/install/my_abb_robot/lib'
[0.405s] Level 1:colcon.colcon_core.environment:checking '/home/fyt/ros2_ws/src/my_abb_robot/install/my_abb_robot/bin'
[0.405s] Level 1:colcon.colcon_core.environment:checking '/home/fyt/ros2_ws/src/my_abb_robot/install/my_abb_robot/lib/pkgconfig/my_abb_robot.pc'
[0.406s] Level 1:colcon.colcon_core.environment:checking '/home/fyt/ros2_ws/src/my_abb_robot/install/my_abb_robot/lib/python3.10/site-packages'
[0.406s] Level 1:colcon.colcon_core.environment:checking '/home/fyt/ros2_ws/src/my_abb_robot/install/my_abb_robot/bin'
[0.406s] INFO:colcon.colcon_core.shell:Creating package script '/home/fyt/ros2_ws/src/my_abb_robot/install/my_abb_robot/share/my_abb_robot/package.ps1'
[0.407s] INFO:colcon.colcon_core.shell:Creating package descriptor '/home/fyt/ros2_ws/src/my_abb_robot/install/my_abb_robot/share/my_abb_robot/package.dsv'
[0.408s] INFO:colcon.colcon_core.shell:Creating package script '/home/fyt/ros2_ws/src/my_abb_robot/install/my_abb_robot/share/my_abb_robot/package.sh'
[0.408s] INFO:colcon.colcon_core.shell:Creating package script '/home/fyt/ros2_ws/src/my_abb_robot/install/my_abb_robot/share/my_abb_robot/package.bash'
[0.409s] INFO:colcon.colcon_core.shell:Creating package script '/home/fyt/ros2_ws/src/my_abb_robot/install/my_abb_robot/share/my_abb_robot/package.zsh'
[0.410s] Level 1:colcon.colcon_core.environment:create_file_with_runtime_dependencies(/home/fyt/ros2_ws/src/my_abb_robot/install/my_abb_robot/share/colcon-core/packages/my_abb_robot)
[0.410s] DEBUG:colcon.colcon_parallel_executor.executor.parallel:closing loop
[0.410s] DEBUG:colcon.colcon_parallel_executor.executor.parallel:loop closed
[0.410s] DEBUG:colcon.colcon_parallel_executor.executor.parallel:run_until_complete finished with '0'
[0.410s] DEBUG:colcon.colcon_core.event_reactor:joining thread
[0.426s] INFO:colcon.colcon_core.plugin_system:Skipping extension 'colcon_notification.desktop_notification.terminal_notifier': Not used on non-Darwin systems
[0.426s] INFO:colcon.colcon_core.plugin_system:Skipping extension 'colcon_notification.desktop_notification.win32': Not used on non-Windows systems
[0.426s] INFO:colcon.colcon_notification.desktop_notification:Sending desktop notification using 'notify2'
[0.442s] DEBUG:colcon.colcon_core.event_reactor:joined thread
[0.443s] INFO:colcon.colcon_core.shell:Creating prefix script '/home/fyt/ros2_ws/src/my_abb_robot/install/local_setup.ps1'
[0.446s] INFO:colcon.colcon_core.shell:Creating prefix util module '/home/fyt/ros2_ws/src/my_abb_robot/install/_local_setup_util_ps1.py'
[0.448s] INFO:colcon.colcon_core.shell:Creating prefix chain script '/home/fyt/ros2_ws/src/my_abb_robot/install/setup.ps1'
[0.451s] INFO:colcon.colcon_core.shell:Creating prefix script '/home/fyt/ros2_ws/src/my_abb_robot/install/local_setup.sh'
[0.453s] INFO:colcon.colcon_core.shell:Creating prefix util module '/home/fyt/ros2_ws/src/my_abb_robot/install/_local_setup_util_sh.py'
[0.454s] INFO:colcon.colcon_core.shell:Creating prefix chain script '/home/fyt/ros2_ws/src/my_abb_robot/install/setup.sh'
[0.458s] INFO:colcon.colcon_core.shell:Creating prefix script '/home/fyt/ros2_ws/src/my_abb_robot/install/local_setup.bash'
[0.460s] INFO:colcon.colcon_core.shell:Creating prefix chain script '/home/fyt/ros2_ws/src/my_abb_robot/install/setup.bash'
[0.462s] INFO:colcon.colcon_core.shell:Creating prefix script '/home/fyt/ros2_ws/src/my_abb_robot/install/local_setup.zsh'
[0.464s] INFO:colcon.colcon_core.shell:Creating prefix chain script '/home/fyt/ros2_ws/src/my_abb_robot/install/setup.zsh'
